
26-01-2017 15:39:29 - Exception: Error en la conexion con la db. in C:\xampp\htdocs\mipicada\modulo\clases\Conexion.php:34
Stack trace:
#0 C:\xampp\htdocs\mipicada\modulo\clases\Conexion.php(9): Conexion->conectar()
#1 C:\xampp\htdocs\mipicada\index.php(45): Conexion->__construct()
#2 {main}

26-01-2017 15:40:41 - Exception: Error en la conexion con la db. in C:\xampp\htdocs\mipicada\modulo\clases\Conexion.php:34
Stack trace:
#0 C:\xampp\htdocs\mipicada\modulo\clases\Conexion.php(9): Conexion->conectar()
#1 C:\xampp\htdocs\mipicada\index.php(45): Conexion->__construct()
#2 {main}

26-01-2017 15:41:14 - Exception: Error en la conexion con la db. in C:\xampp\htdocs\mipicada\modulo\clases\Conexion.php:34
Stack trace:
#0 C:\xampp\htdocs\mipicada\modulo\clases\Conexion.php(9): Conexion->conectar()
#1 C:\xampp\htdocs\mipicada\index.php(45): Conexion->__construct()
#2 {main}

26-01-2017 15:44:29 - Exception: Error en la conexion con la db. in C:\xampp\htdocs\mipicada\modulo\clases\Conexion.php:34
Stack trace:
#0 C:\xampp\htdocs\mipicada\modulo\clases\Conexion.php(9): Conexion->conectar()
#1 C:\xampp\htdocs\mipicada\index.php(45): Conexion->__construct()
#2 {main}

26-01-2017 15:45:27 - Exception: Error en la conexion con la db. in C:\xampp\htdocs\mipicada\modulo\clases\Conexion.php:34
Stack trace:
#0 C:\xampp\htdocs\mipicada\modulo\clases\Conexion.php(9): Conexion->conectar()
#1 C:\xampp\htdocs\mipicada\index.php(45): Conexion->__construct()
#2 {main}

26-01-2017 15:45:50 - Exception: Error en la conexion con la db. in C:\xampp\htdocs\mipicada\modulo\clases\Conexion.php:34
Stack trace:
#0 C:\xampp\htdocs\mipicada\modulo\clases\Conexion.php(9): Conexion->conectar()
#1 C:\xampp\htdocs\mipicada\index.php(45): Conexion->__construct()
#2 {main}

26-01-2017 17:25:35 - ERROR:  error de sintaxis en o cerca de «;»
LINE 1: SELECT VERSION(;
                       ^SELECT VERSION(;
